Connexion, le 2024-Nov-Sat 11:40:53, login : admin
Connexion, le 30-11-2024 11:42:49, login : admin
Utilisation du module 3, le 30-11-2024 11:46:15, login : admin
Utilisation du module 3, le 30-11-2024 11:54:48, login : admin

Connexion, le 30-11-2024 12:39:12, login : Ethan
Utilisation du module 3, le 30-11-2024 13:31:24, login : 
Utilisation du module 3, le 30-11-2024 13:33:21, login : 
Utilisation du module 3, le 30-11-2024 13:33:41, login : 
Utilisation du module 3, le 30-11-2024 13:35:02, login : 
Utilisation du module 3, le 30-11-2024 13:37:05, login : 
Utilisation du module 3, le 30-11-2024 13:37:19, login : 
Utilisation du module 3, le 30-11-2024 13:37:40, login : 
Utilisation du module 3, le 30-11-2024 13:40:04, login : 
Utilisation du module 3, le 30-11-2024 13:41:43, login : 
Utilisation du module 3, le 30-11-2024 13:46:01, login : 
Utilisation du module 3, le 30-11-2024 13:46:08, login : 
Utilisation du module 3, le 30-11-2024 13:48:24, login : 
Utilisation du module 3, le 30-11-2024 13:48:37, login : 
Utilisation du module 3, le 30-11-2024 13:49:25, login : 
Utilisation du module 3, le 30-11-2024 13:49:31, login : 
Utilisation du module 3, le 30-11-2024 13:50:18, login : 
Utilisation du module 3, le 30-11-2024 13:51:43, login : 
Utilisation du module 3, le 30-11-2024 13:52:50, login : 
Utilisation du module 3, le 30-11-2024 13:53:55, login : 
Utilisation du module 3, le 30-11-2024 13:55:10, login : 
Utilisation du module 3, le 30-11-2024 13:55:26, login : 
Utilisation du module 3, le 30-11-2024 14:01:38, login : 
Utilisation du module 3, le 30-11-2024 14:04:47, login : 
Utilisation du module 3, le 30-11-2024 14:07:41, login : 
Utilisation du module 3, le 30-11-2024 14:07:46, login : 
Utilisation du module 3, le 30-11-2024 14:08:37, login : 
Utilisation du module 3, le 30-11-2024 14:08:43, login : 
Utilisation du module 3, le 30-11-2024 14:10:53, login : 
Utilisation du module 3, le 30-11-2024 14:12:38, login : 
Utilisation du module 3, le 30-11-2024 14:14:52, login : 
Utilisation du module 3, le 30-11-2024 14:20:22, login : 
Utilisation du module 3, le 30-11-2024 14:22:02, login : 
Utilisation du module 3, le 30-11-2024 14:24:23, login : 
Utilisation du module 3, le 30-11-2024 14:26:28, login : 
Utilisation du module 3, le 30-11-2024 14:37:39, login : 
Utilisation du module 3, le 30-11-2024 15:12:36, login : 
Utilisation du module 3, le 30-11-2024 15:45:19, login : haz
Utilisation du module 3, le 30-11-2024 15:58:19, login : haz
Utilisation du module 3, le 30-11-2024 16:01:10, login : haz
Utilisation du module 3, le 30-11-2024 19:06:51, login : 
Utilisation du module 3, le 30-11-2024 19:13:11, login : haz
Utilisation du module 3, le 30-11-2024 19:15:51, login : haz
Utilisation du module 3, le 05-12-2024 16:52:10, login : lockshot
Utilisation du module 3, le 06-12-2024 09:06:07, login : a
Utilisation du module 3, le 06-12-2024 09:06:23, login : a
Utilisation du module 3, le 06-12-2024 09:10:11, login : a
Utilisation du module 3, le 06-12-2024 14:53:33, login : hazim
