ERREUR 0 : Connexion à la base de données impossible mysqli_sql_exception: Aucune connexion n’a pu être établie car l’ordinateur cible l’a expressément refusée.
 in U:\sae\git\PROBABILITY\src\site\fonctions\Database.php:15
Stack trace:
#0 U:\sae\git\PROBABILITY\src\site\fonctions\Database.php(15): mysqli_connect('localhost', 'INSERT_USER', '!*INSERT*!', 'probability_db')
#1 U:\sae\git\PROBABILITY\src\site\fonctions\Database.php(54): Database->connexion('INSERT_USER', '!*INSERT*!')
#2 U:\sae\git\PROBABILITY\src\site\fonctions\Database.php(109): Database->userQuery('INSERT INTO `fi...', 'idddds', Array)
#3 U:\sae\git\PROBABILITY\src\site\pages\actions\saveFiche.php(13): Database->saveFiche('3', '7', '7', '7', '0.6641175901004...', 'lockshot')
#4 {main} 
ERREUR 0 : Connexion à la base de données impossible mysqli_sql_exception: Aucune connexion n’a pu être établie car l’ordinateur cible l’a expressément refusée.
 in U:\sae\git\PROBABILITY\src\site\fonctions\Database.php:15
Stack trace:
#0 U:\sae\git\PROBABILITY\src\site\fonctions\Database.php(15): mysqli_connect('localhost', 'SELECT_USER', '!*SELECT*!', 'probability_db')
#1 U:\sae\git\PROBABILITY\src\site\fonctions\Database.php(54): Database->connexion('SELECT_USER', '!*SELECT*!')
#2 U:\sae\git\PROBABILITY\src\site\fonctions\Database.php(81): Database->userQuery('SELECT login FR...', 's', Array)
#3 U:\sae\git\PROBABILITY\src\site\pages\actions\actionInscription.php(16): Database->addNewAccount('a', '0cc175b9c0f1b6a...')
#4 {main} 
ERREUR 0 : Connexion à la base de données impossible mysqli_sql_exception: Aucune connexion n’a pu être établie car l’ordinateur cible l’a expressément refusée.
 in U:\sae\git\PROBABILITY\src\site\fonctions\Database.php:15
Stack trace:
#0 U:\sae\git\PROBABILITY\src\site\fonctions\Database.php(15): mysqli_connect('localhost', 'INSERT_USER', '!*INSERT*!', 'probability_db')
#1 U:\sae\git\PROBABILITY\src\site\fonctions\Database.php(54): Database->connexion('INSERT_USER', '!*INSERT*!')
#2 U:\sae\git\PROBABILITY\src\site\fonctions\Database.php(86): Database->userQuery('INSERT INTO com...', 'ss', Array)
#3 U:\sae\git\PROBABILITY\src\site\pages\actions\actionInscription.php(16): Database->addNewAccount('a', '0cc175b9c0f1b6a...')
#4 {main} 
ERREUR 0 : Connexion à la base de données impossible mysqli_sql_exception: Aucune connexion n’a pu être établie car l’ordinateur cible l’a expressément refusée.
 in U:\sae\git\PROBABILITY\src\site\fonctions\Database.php:15
Stack trace:
#0 U:\sae\git\PROBABILITY\src\site\fonctions\Database.php(15): mysqli_connect('localhost', 'UPDATE_USER', '!*UPDATE*!', 'probability_db')
#1 U:\sae\git\PROBABILITY\src\site\fonctions\Database.php(54): Database->connexion('UPDATE_USER', '!*UPDATE*!')
#2 U:\sae\git\PROBABILITY\src\site\fonctions\Database.php(77): Database->userQuery('UPDATE compte S...', 'sss', Array)
#3 U:\sae\git\PROBABILITY\src\site\pages\actions\actionInscription.php(20): Database->updateLastConnectionLastIp('a')
#4 {main} 
ERREUR 0 : Connexion à la base de données impossible mysqli_sql_exception: Aucune connexion n’a pu être établie car l’ordinateur cible l’a expressément refusée.
 in U:\sae\git\PROBABILITY\src\site\fonctions\Database.php:15
Stack trace:
#0 U:\sae\git\PROBABILITY\src\site\fonctions\Database.php(15): mysqli_connect('localhost', 'SELECT_USER', '!*SELECT*!', 'probability_db')
#1 U:\sae\git\PROBABILITY\src\site\fonctions\Database.php(54): Database->connexion('SELECT_USER', '!*SELECT*!')
#2 U:\sae\git\PROBABILITY\src\site\fonctions\Database.php(81): Database->userQuery('SELECT login FR...', 's', Array)
#3 U:\sae\git\PROBABILITY\src\site\pages\actions\actionInscription.php(16): Database->addNewAccount('a', '0cc175b9c0f1b6a...')
#4 {main} 
ERREUR 0 : Connexion à la base de données impossible mysqli_sql_exception: Aucune connexion n’a pu être établie car l’ordinateur cible l’a expressément refusée.
 in U:\sae\git\PROBABILITY\src\site\fonctions\Database.php:15
Stack trace:
#0 U:\sae\git\PROBABILITY\src\site\fonctions\Database.php(15): mysqli_connect('localhost', 'INSERT_USER', '!*INSERT*!', 'probability_db')
#1 U:\sae\git\PROBABILITY\src\site\fonctions\Database.php(54): Database->connexion('INSERT_USER', '!*INSERT*!')
#2 U:\sae\git\PROBABILITY\src\site\fonctions\Database.php(86): Database->userQuery('INSERT INTO com...', 'ss', Array)
#3 U:\sae\git\PROBABILITY\src\site\pages\actions\actionInscription.php(16): Database->addNewAccount('a', '0cc175b9c0f1b6a...')
#4 {main} 
ERREUR 0 : Connexion à la base de données impossible mysqli_sql_exception: Aucune connexion n’a pu être établie car l’ordinateur cible l’a expressément refusée.
 in U:\sae\git\PROBABILITY\src\site\fonctions\Database.php:15
Stack trace:
#0 U:\sae\git\PROBABILITY\src\site\fonctions\Database.php(15): mysqli_connect('localhost', 'UPDATE_USER', '!*UPDATE*!', 'probability_db')
#1 U:\sae\git\PROBABILITY\src\site\fonctions\Database.php(54): Database->connexion('UPDATE_USER', '!*UPDATE*!')
#2 U:\sae\git\PROBABILITY\src\site\fonctions\Database.php(77): Database->userQuery('UPDATE compte S...', 'sss', Array)
#3 U:\sae\git\PROBABILITY\src\site\pages\actions\actionInscription.php(20): Database->updateLastConnectionLastIp('a')
#4 {main} 
ERREUR 0 : Connexion à la base de données impossible mysqli_sql_exception: Aucune connexion n’a pu être établie car l’ordinateur cible l’a expressément refusée.
 in U:\sae\git\PROBABILITY\src\site\fonctions\Database.php:15
Stack trace:
#0 U:\sae\git\PROBABILITY\src\site\fonctions\Database.php(15): mysqli_connect('localhost', 'SELECT_USER', '!*SELECT*!', 'probability_db')
#1 U:\sae\git\PROBABILITY\src\site\fonctions\Database.php(54): Database->connexion('SELECT_USER', '!*SELECT*!')
#2 U:\sae\git\PROBABILITY\src\site\fonctions\Database.php(67): Database->userQuery('SELECT * FROM c...', 's', Array)
#3 U:\sae\git\PROBABILITY\src\site\pages\actions\actionConnexion.php(15): Database->isValidAccount('a')
#4 {main} 
ERREUR 0 : Connexion à la base de données impossible mysqli_sql_exception: Aucune connexion n’a pu être établie car l’ordinateur cible l’a expressément refusée.
 in U:\sae\git\PROBABILITY\src\site\fonctions\Database.php:15
Stack trace:
#0 U:\sae\git\PROBABILITY\src\site\fonctions\Database.php(15): mysqli_connect('localhost', 'SELECT_USER', '!*SELECT*!', 'probability_db')
#1 U:\sae\git\PROBABILITY\src\site\fonctions\Database.php(54): Database->connexion('SELECT_USER', '!*SELECT*!')
#2 U:\sae\git\PROBABILITY\src\site\fonctions\Database.php(67): Database->userQuery('SELECT * FROM c...', 's', Array)
#3 U:\sae\git\PROBABILITY\src\site\pages\actions\actionConnexion.php(15): Database->isValidAccount('a')
#4 {main} 
ERREUR 0 : Connexion à la base de données impossible mysqli_sql_exception: Aucune connexion n’a pu être établie car l’ordinateur cible l’a expressément refusée.
 in U:\sae\git\PROBABILITY\src\site\fonctions\Database.php:15
Stack trace:
#0 U:\sae\git\PROBABILITY\src\site\fonctions\Database.php(15): mysqli_connect('localhost', 'SELECT_USER', '!*SELECT*!', 'probability_db')
#1 U:\sae\git\PROBABILITY\src\site\fonctions\Database.php(54): Database->connexion('SELECT_USER', '!*SELECT*!')
#2 U:\sae\git\PROBABILITY\src\site\fonctions\Database.php(81): Database->userQuery('SELECT login FR...', 's', Array)
#3 U:\sae\git\PROBABILITY\src\site\pages\actions\actionInscription.php(16): Database->addNewAccount('a', '0cc175b9c0f1b6a...')
#4 {main} 
ERREUR 0 : Connexion à la base de données impossible mysqli_sql_exception: Aucune connexion n’a pu être établie car l’ordinateur cible l’a expressément refusée.
 in U:\sae\git\PROBABILITY\src\site\fonctions\Database.php:15
Stack trace:
#0 U:\sae\git\PROBABILITY\src\site\fonctions\Database.php(15): mysqli_connect('localhost', 'INSERT_USER', '!*INSERT*!', 'probability_db')
#1 U:\sae\git\PROBABILITY\src\site\fonctions\Database.php(54): Database->connexion('INSERT_USER', '!*INSERT*!')
#2 U:\sae\git\PROBABILITY\src\site\fonctions\Database.php(86): Database->userQuery('INSERT INTO com...', 'ss', Array)
#3 U:\sae\git\PROBABILITY\src\site\pages\actions\actionInscription.php(16): Database->addNewAccount('a', '0cc175b9c0f1b6a...')
#4 {main} 
ERREUR 0 : Connexion à la base de données impossible mysqli_sql_exception: Aucune connexion n’a pu être établie car l’ordinateur cible l’a expressément refusée.
 in U:\sae\git\PROBABILITY\src\site\fonctions\Database.php:15
Stack trace:
#0 U:\sae\git\PROBABILITY\src\site\fonctions\Database.php(15): mysqli_connect('localhost', 'UPDATE_USER', '!*UPDATE*!', 'probability_db')
#1 U:\sae\git\PROBABILITY\src\site\fonctions\Database.php(54): Database->connexion('UPDATE_USER', '!*UPDATE*!')
#2 U:\sae\git\PROBABILITY\src\site\fonctions\Database.php(77): Database->userQuery('UPDATE compte S...', 'sss', Array)
#3 U:\sae\git\PROBABILITY\src\site\pages\actions\actionInscription.php(20): Database->updateLastConnectionLastIp('a')
#4 {main} 
ERREUR 0 : Connexion à la base de données impossible mysqli_sql_exception: Aucune connexion n’a pu être établie car l’ordinateur cible l’a expressément refusée.
 in U:\sae\git\PROBABILITY\src\site\fonctions\Database.php:15
Stack trace:
#0 U:\sae\git\PROBABILITY\src\site\fonctions\Database.php(15): mysqli_connect('localhost', 'SELECT_USER', '!*SELECT*!', 'probability_db')
#1 U:\sae\git\PROBABILITY\src\site\fonctions\Database.php(54): Database->connexion('SELECT_USER', '!*SELECT*!')
#2 U:\sae\git\PROBABILITY\src\site\fonctions\Database.php(81): Database->userQuery('SELECT login FR...', 's', Array)
#3 U:\sae\git\PROBABILITY\src\site\pages\actions\actionInscription.php(16): Database->addNewAccount('momo', '06c56a89949d617...')
#4 {main} 
ERREUR 0 : Connexion à la base de données impossible mysqli_sql_exception: Aucune connexion n’a pu être établie car l’ordinateur cible l’a expressément refusée.
 in U:\sae\git\PROBABILITY\src\site\fonctions\Database.php:15
Stack trace:
#0 U:\sae\git\PROBABILITY\src\site\fonctions\Database.php(15): mysqli_connect('localhost', 'INSERT_USER', '!*INSERT*!', 'probability_db')
#1 U:\sae\git\PROBABILITY\src\site\fonctions\Database.php(54): Database->connexion('INSERT_USER', '!*INSERT*!')
#2 U:\sae\git\PROBABILITY\src\site\fonctions\Database.php(86): Database->userQuery('INSERT INTO com...', 'ss', Array)
#3 U:\sae\git\PROBABILITY\src\site\pages\actions\actionInscription.php(16): Database->addNewAccount('momo', '06c56a89949d617...')
#4 {main} 
ERREUR 0 : Connexion à la base de données impossible mysqli_sql_exception: Aucune connexion n’a pu être établie car l’ordinateur cible l’a expressément refusée.
 in U:\sae\git\PROBABILITY\src\site\fonctions\Database.php:15
Stack trace:
#0 U:\sae\git\PROBABILITY\src\site\fonctions\Database.php(15): mysqli_connect('localhost', 'UPDATE_USER', '!*UPDATE*!', 'probability_db')
#1 U:\sae\git\PROBABILITY\src\site\fonctions\Database.php(54): Database->connexion('UPDATE_USER', '!*UPDATE*!')
#2 U:\sae\git\PROBABILITY\src\site\fonctions\Database.php(77): Database->userQuery('UPDATE compte S...', 'sss', Array)
#3 U:\sae\git\PROBABILITY\src\site\pages\actions\actionInscription.php(20): Database->updateLastConnectionLastIp('momo')
#4 {main} 
ERREUR 0 : Connexion à la base de données impossible mysqli_sql_exception: Aucune connexion n’a pu être établie car l’ordinateur cible l’a expressément refusée.
 in U:\sae\git\PROBABILITY\src\site\fonctions\Database.php:15
Stack trace:
#0 U:\sae\git\PROBABILITY\src\site\fonctions\Database.php(15): mysqli_connect('localhost', 'SELECT_USER', '!*SELECT*!', 'probability_db')
#1 U:\sae\git\PROBABILITY\src\site\fonctions\Database.php(54): Database->connexion('SELECT_USER', '!*SELECT*!')
#2 U:\sae\git\PROBABILITY\src\site\fonctions\Database.php(81): Database->userQuery('SELECT login FR...', 's', Array)
#3 U:\sae\git\PROBABILITY\src\site\pages\actions\actionInscription.php(16): Database->addNewAccount('a', '0cc175b9c0f1b6a...')
#4 {main} 
ERREUR 0 : Connexion à la base de données impossible mysqli_sql_exception: Aucune connexion n’a pu être établie car l’ordinateur cible l’a expressément refusée.
 in U:\sae\git\PROBABILITY\src\site\fonctions\Database.php:15
Stack trace:
#0 U:\sae\git\PROBABILITY\src\site\fonctions\Database.php(15): mysqli_connect('localhost', 'INSERT_USER', '!*INSERT*!', 'probability_db')
#1 U:\sae\git\PROBABILITY\src\site\fonctions\Database.php(54): Database->connexion('INSERT_USER', '!*INSERT*!')
#2 U:\sae\git\PROBABILITY\src\site\fonctions\Database.php(86): Database->userQuery('INSERT INTO com...', 'ss', Array)
#3 U:\sae\git\PROBABILITY\src\site\pages\actions\actionInscription.php(16): Database->addNewAccount('a', '0cc175b9c0f1b6a...')
#4 {main} 
ERREUR 0 : Connexion à la base de données impossible mysqli_sql_exception: Aucune connexion n’a pu être établie car l’ordinateur cible l’a expressément refusée.
 in U:\sae\git\PROBABILITY\src\site\fonctions\Database.php:15
Stack trace:
#0 U:\sae\git\PROBABILITY\src\site\fonctions\Database.php(15): mysqli_connect('localhost', 'UPDATE_USER', '!*UPDATE*!', 'probability_db')
#1 U:\sae\git\PROBABILITY\src\site\fonctions\Database.php(54): Database->connexion('UPDATE_USER', '!*UPDATE*!')
#2 U:\sae\git\PROBABILITY\src\site\fonctions\Database.php(77): Database->userQuery('UPDATE compte S...', 'sss', Array)
#3 U:\sae\git\PROBABILITY\src\site\pages\actions\actionInscription.php(20): Database->updateLastConnectionLastIp('a')
#4 {main} 
ERREUR 0 : Connexion à la base de données impossible mysqli_sql_exception: Aucune connexion n’a pu être établie car l’ordinateur cible l’a expressément refusée.
 in U:\sae\git\PROBABILITY\src\site\fonctions\Database.php:15
Stack trace:
#0 U:\sae\git\PROBABILITY\src\site\fonctions\Database.php(15): mysqli_connect('localhost', 'SELECT_USER', '!*SELECT*!', 'probability_db')
#1 U:\sae\git\PROBABILITY\src\site\fonctions\Database.php(54): Database->connexion('SELECT_USER', '!*SELECT*!')
#2 U:\sae\git\PROBABILITY\src\site\fonctions\Database.php(81): Database->userQuery('SELECT login FR...', 's', Array)
#3 U:\sae\git\PROBABILITY\src\site\pages\actions\actionInscription.php(16): Database->addNewAccount('zergzegzegzergh...', '0cc175b9c0f1b6a...')
#4 {main} 
ERREUR 0 : Connexion à la base de données impossible mysqli_sql_exception: Aucune connexion n’a pu être établie car l’ordinateur cible l’a expressément refusée.
 in U:\sae\git\PROBABILITY\src\site\fonctions\Database.php:15
Stack trace:
#0 U:\sae\git\PROBABILITY\src\site\fonctions\Database.php(15): mysqli_connect('localhost', 'INSERT_USER', '!*INSERT*!', 'probability_db')
#1 U:\sae\git\PROBABILITY\src\site\fonctions\Database.php(54): Database->connexion('INSERT_USER', '!*INSERT*!')
#2 U:\sae\git\PROBABILITY\src\site\fonctions\Database.php(86): Database->userQuery('INSERT INTO com...', 'ss', Array)
#3 U:\sae\git\PROBABILITY\src\site\pages\actions\actionInscription.php(16): Database->addNewAccount('zergzegzegzergh...', '0cc175b9c0f1b6a...')
#4 {main} 
ERREUR 0 : Connexion à la base de données impossible mysqli_sql_exception: Aucune connexion n’a pu être établie car l’ordinateur cible l’a expressément refusée.
 in U:\sae\git\PROBABILITY\src\site\fonctions\Database.php:15
Stack trace:
#0 U:\sae\git\PROBABILITY\src\site\fonctions\Database.php(15): mysqli_connect('localhost', 'UPDATE_USER', '!*UPDATE*!', 'probability_db')
#1 U:\sae\git\PROBABILITY\src\site\fonctions\Database.php(54): Database->connexion('UPDATE_USER', '!*UPDATE*!')
#2 U:\sae\git\PROBABILITY\src\site\fonctions\Database.php(77): Database->userQuery('UPDATE compte S...', 'sss', Array)
#3 U:\sae\git\PROBABILITY\src\site\pages\actions\actionInscription.php(20): Database->updateLastConnectionLastIp('zergzegzegzergh...')
#4 {main} 
ERREUR 0 : Connexion à la base de données impossible mysqli_sql_exception: Aucune connexion n’a pu être établie car l’ordinateur cible l’a expressément refusée.
 in U:\sae\git\PROBABILITY\src\site\fonctions\Database.php:15
Stack trace:
#0 U:\sae\git\PROBABILITY\src\site\fonctions\Database.php(15): mysqli_connect('localhost', 'SELECT_USER', '!*SELECT*!', 'probability_db')
#1 U:\sae\git\PROBABILITY\src\site\fonctions\Database.php(54): Database->connexion('SELECT_USER', '!*SELECT*!')
#2 U:\sae\git\PROBABILITY\src\site\fonctions\Database.php(81): Database->userQuery('SELECT login FR...', 's', Array)
#3 U:\sae\git\PROBABILITY\src\site\pages\actions\actionInscription.php(16): Database->addNewAccount('zergzegzegzergh...', 'c4ca4238a0b9238...')
#4 {main} 
ERREUR 0 : Connexion à la base de données impossible mysqli_sql_exception: Aucune connexion n’a pu être établie car l’ordinateur cible l’a expressément refusée.
 in U:\sae\git\PROBABILITY\src\site\fonctions\Database.php:15
Stack trace:
#0 U:\sae\git\PROBABILITY\src\site\fonctions\Database.php(15): mysqli_connect('localhost', 'INSERT_USER', '!*INSERT*!', 'probability_db')
#1 U:\sae\git\PROBABILITY\src\site\fonctions\Database.php(54): Database->connexion('INSERT_USER', '!*INSERT*!')
#2 U:\sae\git\PROBABILITY\src\site\fonctions\Database.php(86): Database->userQuery('INSERT INTO com...', 'ss', Array)
#3 U:\sae\git\PROBABILITY\src\site\pages\actions\actionInscription.php(16): Database->addNewAccount('zergzegzegzergh...', 'c4ca4238a0b9238...')
#4 {main} 
ERREUR 0 : Connexion à la base de données impossible mysqli_sql_exception: Aucune connexion n’a pu être établie car l’ordinateur cible l’a expressément refusée.
 in U:\sae\git\PROBABILITY\src\site\fonctions\Database.php:15
Stack trace:
#0 U:\sae\git\PROBABILITY\src\site\fonctions\Database.php(15): mysqli_connect('localhost', 'UPDATE_USER', '!*UPDATE*!', 'probability_db')
#1 U:\sae\git\PROBABILITY\src\site\fonctions\Database.php(54): Database->connexion('UPDATE_USER', '!*UPDATE*!')
#2 U:\sae\git\PROBABILITY\src\site\fonctions\Database.php(77): Database->userQuery('UPDATE compte S...', 'sss', Array)
#3 U:\sae\git\PROBABILITY\src\site\pages\actions\actionInscription.php(20): Database->updateLastConnectionLastIp('zergzegzegzergh...')
#4 {main} 
ERREUR 0 : Connexion à la base de données impossible mysqli_sql_exception: Aucune connexion n’a pu être établie car l’ordinateur cible l’a expressément refusée.
 in U:\sae\git\PROBABILITY\src\site\fonctions\Database.php:15
Stack trace:
#0 U:\sae\git\PROBABILITY\src\site\fonctions\Database.php(15): mysqli_connect('localhost', 'SELECT_USER', '!*SELECT*!', 'probability_db')
#1 U:\sae\git\PROBABILITY\src\site\fonctions\Database.php(54): Database->connexion('SELECT_USER', '!*SELECT*!')
#2 U:\sae\git\PROBABILITY\src\site\fonctions\Database.php(81): Database->userQuery('SELECT login FR...', 's', Array)
#3 U:\sae\git\PROBABILITY\src\site\pages\actions\actionInscription.php(16): Database->addNewAccount('hazim', '0cc175b9c0f1b6a...')
#4 {main} 
ERREUR 0 : Connexion à la base de données impossible mysqli_sql_exception: Aucune connexion n’a pu être établie car l’ordinateur cible l’a expressément refusée.
 in U:\sae\git\PROBABILITY\src\site\fonctions\Database.php:15
Stack trace:
#0 U:\sae\git\PROBABILITY\src\site\fonctions\Database.php(15): mysqli_connect('localhost', 'INSERT_USER', '!*INSERT*!', 'probability_db')
#1 U:\sae\git\PROBABILITY\src\site\fonctions\Database.php(54): Database->connexion('INSERT_USER', '!*INSERT*!')
#2 U:\sae\git\PROBABILITY\src\site\fonctions\Database.php(86): Database->userQuery('INSERT INTO com...', 'ss', Array)
#3 U:\sae\git\PROBABILITY\src\site\pages\actions\actionInscription.php(16): Database->addNewAccount('hazim', '0cc175b9c0f1b6a...')
#4 {main} 
ERREUR 0 : Connexion à la base de données impossible mysqli_sql_exception: Aucune connexion n’a pu être établie car l’ordinateur cible l’a expressément refusée.
 in U:\sae\git\PROBABILITY\src\site\fonctions\Database.php:15
Stack trace:
#0 U:\sae\git\PROBABILITY\src\site\fonctions\Database.php(15): mysqli_connect('localhost', 'UPDATE_USER', '!*UPDATE*!', 'probability_db')
#1 U:\sae\git\PROBABILITY\src\site\fonctions\Database.php(54): Database->connexion('UPDATE_USER', '!*UPDATE*!')
#2 U:\sae\git\PROBABILITY\src\site\fonctions\Database.php(77): Database->userQuery('UPDATE compte S...', 'sss', Array)
#3 U:\sae\git\PROBABILITY\src\site\pages\actions\actionInscription.php(20): Database->updateLastConnectionLastIp('hazim')
#4 {main} 
ERREUR 0 : Connexion à la base de données impossible mysqli_sql_exception: Aucune connexion n’a pu être établie car l’ordinateur cible l’a expressément refusée.
 in U:\sae\git\PROBABILITY\src\site\fonctions\Database.php:15
Stack trace:
#0 U:\sae\git\PROBABILITY\src\site\fonctions\Database.php(15): mysqli_connect('localhost', 'INSERT_USER', '!*INSERT*!', 'probability_db')
#1 U:\sae\git\PROBABILITY\src\site\fonctions\Database.php(54): Database->connexion('INSERT_USER', '!*INSERT*!')
#2 U:\sae\git\PROBABILITY\src\site\fonctions\Database.php(109): Database->userQuery('INSERT INTO `fi...', 'idddds', Array)
#3 U:\sae\git\PROBABILITY\src\site\pages\actions\saveFiche.php(13): Database->saveFiche('3', '5', '5', '5', '0.6641175901004...', 'hazim')
#4 {main} 
ERREUR 0 : Connexion à la base de données impossible mysqli_sql_exception: Aucune connexion n’a pu être établie car l’ordinateur cible l’a expressément refusée.
 in U:\sae\git\PROBABILITY\src\site\fonctions\Database.php:15
Stack trace:
#0 U:\sae\git\PROBABILITY\src\site\fonctions\Database.php(15): mysqli_connect('localhost', 'INSERT_USER', '!*INSERT*!', 'probability_db')
#1 U:\sae\git\PROBABILITY\src\site\fonctions\Database.php(54): Database->connexion('INSERT_USER', '!*INSERT*!')
#2 U:\sae\git\PROBABILITY\src\site\fonctions\Database.php(109): Database->userQuery('INSERT INTO `fi...', 'idddds', Array)
#3 U:\sae\git\PROBABILITY\src\site\pages\actions\saveFiche.php(13): Database->saveFiche('3', '5', '5', '5', '0.6641175901004...', 'hazim')
#4 {main} 
ERREUR 0 : Connexion à la base de données impossible mysqli_sql_exception: Aucune connexion n’a pu être établie car l’ordinateur cible l’a expressément refusée.
 in U:\sae\git\PROBABILITY\src\site\fonctions\Database.php:15
Stack trace:
#0 U:\sae\git\PROBABILITY\src\site\fonctions\Database.php(15): mysqli_connect('localhost', 'INSERT_USER', '!*INSERT*!', 'probability_db')
#1 U:\sae\git\PROBABILITY\src\site\fonctions\Database.php(54): Database->connexion('INSERT_USER', '!*INSERT*!')
#2 U:\sae\git\PROBABILITY\src\site\fonctions\Database.php(109): Database->userQuery('INSERT INTO `fi...', 'idddds', Array)
#3 U:\sae\git\PROBABILITY\src\site\pages\actions\saveFiche.php(13): Database->saveFiche('3', '5', '5', '5', '0.6641175901004...', 'hazim')
#4 {main} 
ERREUR 0 : Connexion à la base de données impossible mysqli_sql_exception: Aucune connexion n’a pu être établie car l’ordinateur cible l’a expressément refusée.
 in U:\sae\git\PROBABILITY\src\site\fonctions\Database.php:15
Stack trace:
#0 U:\sae\git\PROBABILITY\src\site\fonctions\Database.php(15): mysqli_connect('localhost', 'INSERT_USER', '!*INSERT*!', 'probability_db')
#1 U:\sae\git\PROBABILITY\src\site\fonctions\Database.php(54): Database->connexion('INSERT_USER', '!*INSERT*!')
#2 U:\sae\git\PROBABILITY\src\site\fonctions\Database.php(109): Database->userQuery('INSERT INTO `fi...', 'idddds', Array)
#3 U:\sae\git\PROBABILITY\src\site\pages\actions\saveFiche.php(13): Database->saveFiche('3', '5', '5', '5', '0.6641175901004...', 'hazim')
#4 {main} 
ERREUR 0 : Connexion à la base de données impossible mysqli_sql_exception: Aucune connexion n’a pu être établie car l’ordinateur cible l’a expressément refusée.
 in U:\sae\git\PROBABILITY\src\site\fonctions\Database.php:15
Stack trace:
#0 U:\sae\git\PROBABILITY\src\site\fonctions\Database.php(15): mysqli_connect('localhost', 'INSERT_USER', '!*INSERT*!', 'probability_db')
#1 U:\sae\git\PROBABILITY\src\site\fonctions\Database.php(54): Database->connexion('INSERT_USER', '!*INSERT*!')
#2 U:\sae\git\PROBABILITY\src\site\fonctions\Database.php(109): Database->userQuery('INSERT INTO `fi...', 'idddds', Array)
#3 U:\sae\git\PROBABILITY\src\site\pages\actions\saveFiche.php(13): Database->saveFiche('3', '5', '5', '5', '0.6641175901004...', 'hazim')
#4 {main} 
ERREUR 0 : Connexion à la base de données impossible mysqli_sql_exception: Aucune connexion n’a pu être établie car l’ordinateur cible l’a expressément refusée.
 in U:\sae\git\PROBABILITY\src\site\fonctions\Database.php:15
Stack trace:
#0 U:\sae\git\PROBABILITY\src\site\fonctions\Database.php(15): mysqli_connect('localhost', 'INSERT_USER', '!*INSERT*!', 'probability_db')
#1 U:\sae\git\PROBABILITY\src\site\fonctions\Database.php(54): Database->connexion('INSERT_USER', '!*INSERT*!')
#2 U:\sae\git\PROBABILITY\src\site\fonctions\Database.php(109): Database->userQuery('INSERT INTO `fi...', 'idddds', Array)
#3 U:\sae\git\PROBABILITY\src\site\pages\actions\saveFiche.php(13): Database->saveFiche('3', '5', '5', '5', '0.6641175901004...', 'hazim')
#4 {main} 
ERREUR 0 : Connexion à la base de données impossible mysqli_sql_exception: Aucune connexion n’a pu être établie car l’ordinateur cible l’a expressément refusée.
 in U:\sae\git\PROBABILITY\src\site\fonctions\Database.php:15
Stack trace:
#0 U:\sae\git\PROBABILITY\src\site\fonctions\Database.php(15): mysqli_connect('localhost', 'INSERT_USER', '!*INSERT*!', 'probability_db')
#1 U:\sae\git\PROBABILITY\src\site\fonctions\Database.php(54): Database->connexion('INSERT_USER', '!*INSERT*!')
#2 U:\sae\git\PROBABILITY\src\site\fonctions\Database.php(109): Database->userQuery('INSERT INTO `fi...', 'idddds', Array)
#3 U:\sae\git\PROBABILITY\src\site\pages\actions\saveFiche.php(13): Database->saveFiche('3', '5', '5', '5', '0.6641175901004...', 'hazim')
#4 {main} 
ERREUR 0 : Connexion à la base de données impossible mysqli_sql_exception: Aucune connexion n’a pu être établie car l’ordinateur cible l’a expressément refusée.
 in U:\sae\git\PROBABILITY\src\site\fonctions\Database.php:15
Stack trace:
#0 U:\sae\git\PROBABILITY\src\site\fonctions\Database.php(15): mysqli_connect('localhost', 'INSERT_USER', '!*INSERT*!', 'probability_db')
#1 U:\sae\git\PROBABILITY\src\site\fonctions\Database.php(54): Database->connexion('INSERT_USER', '!*INSERT*!')
#2 U:\sae\git\PROBABILITY\src\site\fonctions\Database.php(109): Database->userQuery('INSERT INTO `fi...', 'idddds', Array)
#3 U:\sae\git\PROBABILITY\src\site\pages\actions\saveFiche.php(13): Database->saveFiche('3', '5', '5', '5', '0.6641175901004...', 'hazim')
#4 {main} 
